Using pre-set license
Built from '2020.3/china_unity/release' branch; Version is '2020.3.22f1c1 (9ee66e5289da) revision 10413678'; Using compiler version '192528614'; Build Type 'Release'
OS: 'Windows 10 Home China; OS build 19044.2965; Version 2009; 64bit' Language: 'zh' Physical Memory: 16086 MB
BatchMode: 1, IsHumanControllingUs: 0, StartBugReporterOnCrash: 0, Is64bit: 1, IsPro: 0

COMMAND LINE ARGUMENTS:
E:\About Unity\2020.3.22f1c1\Editor\Unity.exe
-adb2
-batchMode
-noUpm
-name
AssetImportWorker0
-projectPath
D:/0-UnityProjects/Glass and Rain
-logFile
Logs/AssetImportWorker0.log
-srvPort
56461
Successfully changed project path to: D:/0-UnityProjects/Glass and Rain
D:/0-UnityProjects/Glass and Rain
Using Asset Import Pipeline V2.
AS: AutoStreaming module initializing.Refreshing native plugins compatible for Editor in 39.05 ms, found 2 plugins.
Preloading 0 native plugins for Editor in 0.00 ms.
Initialize engine version: 2020.3.22f1c1 (9ee66e5289da)
[Subsystems] Discovering subsystems at path E:/About Unity/2020.3.22f1c1/Editor/Data/Resources/UnitySubsystems
[Subsystems] Discovering subsystems at path D:/0-UnityProjects/Glass and Rain/Assets
GfxDevice: creating device client; threaded=0
Direct3D:
    Version:  Direct3D 11.0 [level 11.1]
    Renderer: AMD Radeon (TM) 630 (ID=0x6987)
    Vendor:   
    VRAM:     2028 MB
    Driver:   27.20.15026.17000
Initialize mono
Mono path[0] = 'E:/About Unity/2020.3.22f1c1/Editor/Data/Managed'
Mono path[1] = 'E:/About Unity/2020.3.22f1c1/Editor/Data/MonoBleedingEdge/lib/mono/unityjit'
Mono config path = 'E:/About Unity/2020.3.22f1c1/Editor/Data/MonoBleedingEdge/etc'
Using monoOptions --debugger-agent=transport=dt_socket,embedding=1,server=y,suspend=n,address=127.0.0.1:56436
Begin MonoManager ReloadAssembly
Registering precompiled unity dll's ...
Register platform support module: E:/About Unity/2020.3.22f1c1/Editor/Data/PlaybackEngines/WebGLSupport/UnityEditor.WebGL.Extensions.dll
Register platform support module: E:/About Unity/2020.3.22f1c1/Editor/Data/PlaybackEngines/MacStandaloneSupport/UnityEditor.OSXStandalone.Extensions.dll
Register platform support module: E:/About Unity/2020.3.22f1c1/Editor/Data/PlaybackEngines/WindowsStandaloneSupport/UnityEditor.WindowsStandalone.Extensions.dll
Registered in 0.007839 seconds.
Native extension for WindowsStandalone target not found
Native extension for OSXStandalone target not found
Native extension for WebGL target not found
Refreshing native plugins compatible for Editor in 31.55 ms, found 2 plugins.
Preloading 0 native plugins for Editor in 0.00 ms.
Mono: successfully reloaded assembly
- Completed reload, in  4.154 seconds
Domain Reload Profiling:
	ReloadAssembly (4155ms)
		BeginReloadAssembly (132ms)
			ExecutionOrderSort (0ms)
			DisableScriptedObjects (0ms)
			BackupInstance (0ms)
			ReleaseScriptingObjects (0ms)
			CreateAndSetChildDomain (1ms)
		EndReloadAssembly (500ms)
			LoadAssemblies (127ms)
			RebuildTransferFunctionScriptingTraits (0ms)
			SetupTypeCache (163ms)
			ReleaseScriptCaches (0ms)
			RebuildScriptCaches (34ms)
			SetupLoadedEditorAssemblies (178ms)
				LogAssemblyErrors (0ms)
				InitializePlatformSupportModulesInManaged (8ms)
				SetLoadedEditorAssemblies (0ms)
				RefreshPlugins (32ms)
				BeforeProcessingInitializeOnLoad (22ms)
				ProcessInitializeOnLoadAttributes (86ms)
				ProcessInitializeOnLoadMethodAttributes (29ms)
				AfterProcessingInitializeOnLoad (0ms)
				EditorAssembliesLoaded (0ms)
			ExecutionOrderSort2 (0ms)
			AwakeInstancesAfterBackupRestoration (0ms)
Platform modules already initialized, skipping
Registering precompiled user dll's ...
Registered in 0.014712 seconds.
Begin MonoManager ReloadAssembly
Native extension for WindowsStandalone target not found
Native extension for OSXStandalone target not found
Native extension for WebGL target not found
Refreshing native plugins compatible for Editor in 0.28 ms, found 2 plugins.
Preloading 0 native plugins for Editor in 0.00 ms.
Mono: successfully reloaded assembly
- Completed reload, in  1.311 seconds
Domain Reload Profiling:
	ReloadAssembly (1313ms)
		BeginReloadAssembly (194ms)
			ExecutionOrderSort (0ms)
			DisableScriptedObjects (5ms)
			BackupInstance (0ms)
			ReleaseScriptingObjects (0ms)
			CreateAndSetChildDomain (18ms)
		EndReloadAssembly (1015ms)
			LoadAssemblies (141ms)
			RebuildTransferFunctionScriptingTraits (0ms)
			SetupTypeCache (295ms)
			ReleaseScriptCaches (0ms)
			RebuildScriptCaches (56ms)
			SetupLoadedEditorAssemblies (440ms)
				LogAssemblyErrors (0ms)
				InitializePlatformSupportModulesInManaged (11ms)
				SetLoadedEditorAssemblies (0ms)
				RefreshPlugins (0ms)
				BeforeProcessingInitializeOnLoad (113ms)
				ProcessInitializeOnLoadAttributes (277ms)
				ProcessInitializeOnLoadMethodAttributes (11ms)
				AfterProcessingInitializeOnLoad (28ms)
				EditorAssembliesLoaded (0ms)
			ExecutionOrderSort2 (0ms)
			AwakeInstancesAfterBackupRestoration (7ms)
Platform modules already initialized, skipping
========================================================================
Worker process is ready to serve import requests
Launched and connected shader compiler UnityShaderCompiler.exe after 0.05 seconds
Refreshing native plugins compatible for Editor in 0.34 ms, found 2 plugins.
Preloading 0 native plugins for Editor in 0.00 ms.
Unloading 1490 Unused Serialized files (Serialized files now loaded: 0)
System memory in use before: 67.5 MB.
System memory in use after: 67.6 MB.

Unloading 19 unused Assets to reduce memory usage. Loaded Objects now: 1923.
Total: 2.674600 ms (FindLiveObjects: 0.128800 ms CreateObjectMapping: 0.037700 ms MarkObjects: 2.416400 ms  DeleteObjects: 0.090000 ms)

AssetImportParameters requested are different than current active one (requested -> active):
  custom:framework-win-MediaFoundation: 216162199b28c13a410421893ffa2e32 -> 
  custom:video-decoder-ogg-theora: a1e56fd34408186e4bbccfd4996cb3dc -> 
  custom:container-muxer-webm: aa71ff27fc2769a1b78a27578f13a17b -> 
  custom:container-demuxer-webm: 4f35f7cbe854078d1ac9338744f61a02 -> 
  custom:container-demuxer-ogg: 62fdf1f143b41e24485cea50d1cbac27 -> 
  custom:video-encoder-webm-vp8: eb34c28f22e8b96e1ab97ce403110664 -> 
  custom:video-codec-MediaFoundation-h265: 746d11721c4dcdbdad8f713fa42b33f4 -> 
  custom:video-decoder-webm-vp8: 9c59270c3fd7afecdb556c50c9e8de78 -> 
  custom:audio-decoder-ogg-vorbis: bf7c407c2cedff20999df2af8eb42d56 -> 
  custom:audio-encoder-webm-vorbis: bf7c407c2cedff20999df2af8eb42d56 -> 
========================================================================
Received Import Request.
  path: Assets/Shader/Window1.shader
  artifactKey: Guid(2a6acdb9308096c4d93c158634f1040a) Importer(815301076,1909f56bfc062723c751e8b465ee728b)
Start importing Assets/Shader/Window1.shader using Guid(2a6acdb9308096c4d93c158634f1040a) Importer(815301076,1909f56bfc062723c751e8b465ee728b)  -> (artifact id: '4911835df24686ff7af84737db523744') in 0.035234 seconds 
  Import took 0.037955 seconds .

========================================================================
Received Import Request.
  Time since last request: 186.403776 seconds.
  path: Assets/Shader/Window.shader
  artifactKey: Guid(b268cb70a9c07b6498f4b27239dd1447) Importer(815301076,1909f56bfc062723c751e8b465ee728b)
Start importing Assets/Shader/Window.shader using Guid(b268cb70a9c07b6498f4b27239dd1447) Importer(815301076,1909f56bfc062723c751e8b465ee728b)  -> (artifact id: 'a705d12fce2112237e7da36bb0b9ffc4') in 0.006364 seconds 
  Import took 0.009764 seconds .

========================================================================
Received Import Request.
  Time since last request: 576.758862 seconds.
  path: Assets/Shader/Window1.shader
  artifactKey: Guid(2a6acdb9308096c4d93c158634f1040a) Importer(815301076,1909f56bfc062723c751e8b465ee728b)
Start importing Assets/Shader/Window1.shader using Guid(2a6acdb9308096c4d93c158634f1040a) Importer(815301076,1909f56bfc062723c751e8b465ee728b)  -> (artifact id: '4dfe44b9bd5a708f83f4661277413ecd') in 0.006941 seconds 
  Import took 0.013287 seconds .

========================================================================
Received Import Request.
  Time since last request: 149.092732 seconds.
  path: Assets/Shader/Window1.shader
  artifactKey: Guid(2a6acdb9308096c4d93c158634f1040a) Importer(815301076,1909f56bfc062723c751e8b465ee728b)
Start importing Assets/Shader/Window1.shader using Guid(2a6acdb9308096c4d93c158634f1040a) Importer(815301076,1909f56bfc062723c751e8b465ee728b)  -> (artifact id: '725d20934e6022ed4a0071b27525e369') in 0.008827 seconds 
  Import took 0.014716 seconds .

========================================================================
Received Import Request.
  Time since last request: 98.521257 seconds.
  path: Assets/Shader/Window1.shader
  artifactKey: Guid(2a6acdb9308096c4d93c158634f1040a) Importer(815301076,1909f56bfc062723c751e8b465ee728b)
Start importing Assets/Shader/Window1.shader using Guid(2a6acdb9308096c4d93c158634f1040a) Importer(815301076,1909f56bfc062723c751e8b465ee728b)  -> (artifact id: 'acea5e75fe2c3afad1fcb4c886e68f3d') in 0.009892 seconds 
  Import took 0.014753 seconds .

========================================================================
Received Import Request.
  Time since last request: 5.578591 seconds.
  path: Assets/Shader/Window1.shader
  artifactKey: Guid(2a6acdb9308096c4d93c158634f1040a) Importer(815301076,1909f56bfc062723c751e8b465ee728b)
Start importing Assets/Shader/Window1.shader using Guid(2a6acdb9308096c4d93c158634f1040a) Importer(815301076,1909f56bfc062723c751e8b465ee728b)  -> (artifact id: 'af474cfa66d68fa1691f668e5fe097a3') in 0.006432 seconds 
  Import took 0.010557 seconds .

========================================================================
Received Import Request.
  Time since last request: 61.996316 seconds.
  path: Assets/Shader/Window1.shader
  artifactKey: Guid(2a6acdb9308096c4d93c158634f1040a) Importer(815301076,1909f56bfc062723c751e8b465ee728b)
Start importing Assets/Shader/Window1.shader using Guid(2a6acdb9308096c4d93c158634f1040a) Importer(815301076,1909f56bfc062723c751e8b465ee728b)  -> (artifact id: 'e4326be02ccead553a2c76be99b88484') in 0.005297 seconds 
  Import took 0.010514 seconds .

========================================================================
Received Import Request.
  Time since last request: 558.453125 seconds.
  path: Assets/Shader/Window1.shader
  artifactKey: Guid(2a6acdb9308096c4d93c158634f1040a) Importer(815301076,1909f56bfc062723c751e8b465ee728b)
Start importing Assets/Shader/Window1.shader using Guid(2a6acdb9308096c4d93c158634f1040a) Importer(815301076,1909f56bfc062723c751e8b465ee728b)  -> (artifact id: 'cbad2b99885b4d206b0ae055342f0f5f') in 0.006594 seconds 
  Import took 0.011235 seconds .

========================================================================
Received Import Request.
  Time since last request: 142.941669 seconds.
  path: Assets/Shader/Window1.shader
  artifactKey: Guid(2a6acdb9308096c4d93c158634f1040a) Importer(815301076,1909f56bfc062723c751e8b465ee728b)
Start importing Assets/Shader/Window1.shader using Guid(2a6acdb9308096c4d93c158634f1040a) Importer(815301076,1909f56bfc062723c751e8b465ee728b)  -> (artifact id: '07ff2a6d6ca50402cc005f06917dbc6e') in 0.004649 seconds 
  Import took 0.007872 seconds .

AssetImportWorkerClient::OnTransportError - code=2 error=End of file
